ptr-demo/build/outputs/logs/manifest-merger-debug-report.txt
-- Merging decision tree log ---
manifest
ADDED from EduPhone\ptr-demo\AndroidManifest.xml:2:1-36:12
	package
		ADDED from EduPhone\ptr-demo\AndroidManifest.xml:3:5-43
		INJECTED from EduPhone\ptr-demo\AndroidManifest.xml
		INJECTED from EduPhone\ptr-demo\AndroidManifest.xml
	android:versionName
		ADDED from EduPhone\ptr-demo\AndroidManifest.xml:6:5-30
		INJECTED from EduPhone\ptr-demo\AndroidManifest.xml
		INJECTED from EduPhone\ptr-demo\AndroidManifest.xml
	android:versionCode
		ADDED from EduPhone\ptr-demo\AndroidManifest.xml:5:5-28
		INJECTED from EduPhone\ptr-demo\AndroidManifest.xml
		INJECTED from EduPhone\ptr-demo\AndroidManifest.xml
	xmlns:android
		ADDED from EduPhone\ptr-demo\AndroidManifest.xml:4:5-63
uses-sdk
ADDED from EduPhone\ptr-demo\AndroidManifest.xml:8:5-10:41
MERGED from [EduPhone:ptr-lib:unspecified] AndroidManifest.xml:7:5-9:41
MERGED from [in.srain.cube:cube-sdk:1.0.44.38] AndroidManifest.xml:7:5-9:41
	android:targetSdkVersion
		ADDED from EduPhone\ptr-demo\AndroidManifest.xml:10:9-38
		INJECTED from EduPhone\ptr-demo\AndroidManifest.xml
		INJECTED from EduPhone\ptr-demo\AndroidManifest.xml
	android:minSdkVersion
		ADDED from EduPhone\ptr-demo\AndroidManifest.xml:9:9-34
		INJECTED from EduPhone\ptr-demo\AndroidManifest.xml
		INJECTED from EduPhone\ptr-demo\AndroidManifest.xml
uses-permission#android.permission.INTERNET
ADDED from EduPhone\ptr-demo\AndroidManifest.xml:12:5-67
	android:name
		ADDED from EduPhone\ptr-demo\AndroidManifest.xml:12:22-64
uses-permission#android.permission.GET_TASKS
ADDED from EduPhone\ptr-demo\AndroidManifest.xml:13:5-68
	android:name
		ADDED from EduPhone\ptr-demo\AndroidManifest.xml:13:22-65
uses-permission#android.permission.WRITE_EXTERNAL_STORAGE
ADDED from EduPhone\ptr-demo\AndroidManifest.xml:14:5-81
	android:name
		ADDED from EduPhone\ptr-demo\AndroidManifest.xml:14:22-78
uses-permission#android.permission.ACCESS_NETWORK_STATE
ADDED from EduPhone\ptr-demo\AndroidManifest.xml:15:5-79
	android:name
		ADDED from EduPhone\ptr-demo\AndroidManifest.xml:15:22-76
application
ADDED from EduPhone\ptr-demo\AndroidManifest.xml:17:5-34:19
MERGED from [EduPhone:ptr-lib:unspecified] AndroidManifest.xml:11:5-20
	android:label
		ADDED from EduPhone\ptr-demo\AndroidManifest.xml:21:9-41
	android:allowBackup
		ADDED from EduPhone\ptr-demo\AndroidManifest.xml:19:9-35
	android:icon
		ADDED from EduPhone\ptr-demo\AndroidManifest.xml:20:9-45
	android:theme
		ADDED from EduPhone\ptr-demo\AndroidManifest.xml:22:9-63
	android:name
		ADDED from EduPhone\ptr-demo\AndroidManifest.xml:18:9-47
activity#in.srain.cube.views.ptr.demo.ui.activity.PtrDemoHomeActivity
ADDED from EduPhone\ptr-demo\AndroidManifest.xml:23:9-28:20
	android:name
		ADDED from EduPhone\ptr-demo\AndroidManifest.xml:23:19-66
intent-filter#android.intent.action.MAIN+android.intent.category.LAUNCHER
ADDED from EduPhone\ptr-demo\AndroidManifest.xml:24:13-27:29
action#android.intent.action.MAIN
ADDED from EduPhone\ptr-demo\AndroidManifest.xml:25:17-69
	android:name
		ADDED from EduPhone\ptr-demo\AndroidManifest.xml:25:25-66
category#android.intent.category.LAUNCHER
ADDED from EduPhone\ptr-demo\AndroidManifest.xml:26:17-77
	android:name
		ADDED from EduPhone\ptr-demo\AndroidManifest.xml:26:27-74
activity#in.srain.cube.views.ptr.demo.ui.viewpager.ViewPagerActivity
ADDED from EduPhone\ptr-demo\AndroidManifest.xml:30:9-32:85
	android:windowSoftInputMode
		ADDED from EduPhone\ptr-demo\AndroidManifest.xml:32:13-73
	android:name
		ADDED from EduPhone\ptr-demo\AndroidManifest.xml:31:13-59